SF:/Users/wolf/Coden/L0gg3r/L0gg3r.Base/src/Disposable.cs
FN:34,System.Boolean L0gg3r.Base.Disposable::get_IsDisposed()
FNDA:0,System.Boolean L0gg3r.Base.Disposable::get_IsDisposed()
DA:35,0
FN:43,System.Void L0gg3r.Base.Disposable::Dispose()
FNDA:0,System.Void L0gg3r.Base.Disposable::Dispose()
DA:44,0
DA:45,0
DA:47,0
DA:49,0
DA:50,0
FN:20,System.Void L0gg3r.Base.Disposable::.ctor(System.Action)
FNDA:8,System.Void L0gg3r.Base.Disposable::.ctor(System.Action)
DA:21,8
DA:26,8
LF:8
LH:2
BRF:0
BRH:0
FNF:3
FNH:1
end_of_record
SF:/Users/wolf/Coden/L0gg3r/L0gg3r.Base/src/ILogger.cs
FN:92,System.Void L0gg3r.Base.ILogger::Flush()
FNDA:0,System.Void L0gg3r.Base.ILogger::Flush()
DA:93,0
LF:1
LH:0
BRF:0
BRH:0
FNF:1
FNH:0
end_of_record
SF:/Users/wolf/Coden/L0gg3r/L0gg3r.Base/src/LogLevel.cs
FN:47,L0gg3r.Base.LogLevel L0gg3r.Base.LogLevel::get_Info()
FNDA:20,L0gg3r.Base.LogLevel L0gg3r.Base.LogLevel::get_Info()
DA:48,20
FN:52,L0gg3r.Base.LogLevel L0gg3r.Base.LogLevel::get_Warning()
FNDA:4,L0gg3r.Base.LogLevel L0gg3r.Base.LogLevel::get_Warning()
DA:53,4
FN:57,L0gg3r.Base.LogLevel L0gg3r.Base.LogLevel::get_Error()
FNDA:6,L0gg3r.Base.LogLevel L0gg3r.Base.LogLevel::get_Error()
DA:58,6
FN:69,System.Collections.Generic.IReadOnlyList`1<L0gg3r.Base.LogLevel> L0gg3r.Base.LogLevel::get_Order()
FNDA:0,System.Collections.Generic.IReadOnlyList`1<L0gg3r.Base.LogLevel> L0gg3r.Base.LogLevel::get_Order()
DA:70,0
FN:74,System.String L0gg3r.Base.LogLevel::get_Name()
FNDA:0,System.String L0gg3r.Base.LogLevel::get_Name()
DA:75,0
FN:79,System.String L0gg3r.Base.LogLevel::get_Description()
FNDA:0,System.String L0gg3r.Base.LogLevel::get_Description()
DA:80,0
FN:88,System.Boolean L0gg3r.Base.LogLevel::op_LessThan(L0gg3r.Base.LogLevel,L0gg3r.Base.LogLevel)
FNDA:0,System.Boolean L0gg3r.Base.LogLevel::op_LessThan(L0gg3r.Base.LogLevel,L0gg3r.Base.LogLevel)
DA:89,0
DA:90,0
DA:91,0
FN:99,System.Boolean L0gg3r.Base.LogLevel::op_LessThanOrEqual(L0gg3r.Base.LogLevel,L0gg3r.Base.LogLevel)
FNDA:0,System.Boolean L0gg3r.Base.LogLevel::op_LessThanOrEqual(L0gg3r.Base.LogLevel,L0gg3r.Base.LogLevel)
DA:100,0
DA:101,0
DA:102,0
BRDA:101,8,0,0
BRDA:101,8,1,0
FN:110,System.Boolean L0gg3r.Base.LogLevel::op_GreaterThan(L0gg3r.Base.LogLevel,L0gg3r.Base.LogLevel)
FNDA:6,System.Boolean L0gg3r.Base.LogLevel::op_GreaterThan(L0gg3r.Base.LogLevel,L0gg3r.Base.LogLevel)
DA:111,6
DA:112,6
DA:113,6
FN:121,System.Boolean L0gg3r.Base.LogLevel::op_GreaterThanOrEqual(L0gg3r.Base.LogLevel,L0gg3r.Base.LogLevel)
FNDA:8,System.Boolean L0gg3r.Base.LogLevel::op_GreaterThanOrEqual(L0gg3r.Base.LogLevel,L0gg3r.Base.LogLevel)
DA:122,8
DA:123,8
DA:124,8
BRDA:123,8,0,6
BRDA:123,8,1,2
FN:136,L0gg3r.Base.LogLevel L0gg3r.Base.LogLevel::InsertLogLevelBefore(L0gg3r.Base.LogLevel,System.String,System.String)
FNDA:0,L0gg3r.Base.LogLevel L0gg3r.Base.LogLevel::InsertLogLevelBefore(L0gg3r.Base.LogLevel,System.String,System.String)
DA:137,0
DA:138,0
DA:139,0
DA:140,0
DA:143,0
DA:144,0
DA:145,0
DA:148,0
DA:150,0
DA:152,0
DA:153,0
BRDA:138,43,0,0
BRDA:138,43,1,0
BRDA:143,95,0,0
BRDA:143,95,1,0
FN:165,L0gg3r.Base.LogLevel L0gg3r.Base.LogLevel::InsertLogLevelAfter(L0gg3r.Base.LogLevel,System.String,System.String)
FNDA:0,L0gg3r.Base.LogLevel L0gg3r.Base.LogLevel::InsertLogLevelAfter(L0gg3r.Base.LogLevel,System.String,System.String)
DA:166,0
DA:167,0
DA:168,0
DA:169,0
DA:172,0
DA:173,0
DA:174,0
DA:177,0
DA:179,0
DA:181,0
DA:182,0
BRDA:167,43,0,0
BRDA:167,43,1,0
BRDA:172,95,0,0
BRDA:172,95,1,0
FN:188,System.Void L0gg3r.Base.LogLevel::ResetOrder()
FNDA:0,System.Void L0gg3r.Base.LogLevel::ResetOrder()
DA:189,0
DA:190,0
DA:191,0
DA:192,0
DA:193,0
DA:194,0
DA:195,0
DA:196,0
FN:199,System.Int32 L0gg3r.Base.LogLevel::CompareTo(System.Object)
FNDA:0,System.Int32 L0gg3r.Base.LogLevel::CompareTo(System.Object)
DA:200,0
DA:201,0
DA:202,0
DA:203,0
DA:206,0
DA:207,0
DA:209,0
BRDA:201,7,0,0
BRDA:201,7,1,0
BRDA:201,22,0,0
BRDA:201,22,1,0
FN:212,System.Int32 L0gg3r.Base.LogLevel::CompareTo(L0gg3r.Base.LogLevel)
FNDA:0,System.Int32 L0gg3r.Base.LogLevel::CompareTo(L0gg3r.Base.LogLevel)
DA:213,0
DA:214,0
DA:215,0
DA:216,0
DA:219,0
DA:220,0
DA:221,0
DA:224,0
DA:225,0
BRDA:214,15,0,0
BRDA:214,15,1,0
BRDA:219,36,0,0
BRDA:219,36,1,0
FN:231,System.String L0gg3r.Base.LogLevel::ToString()
FNDA:0,System.String L0gg3r.Base.LogLevel::ToString()
DA:232,0
FN:37,System.Void L0gg3r.Base.LogLevel::.ctor(System.String,System.String)
FNDA:3,System.Void L0gg3r.Base.LogLevel::.ctor(System.String,System.String)
DA:38,3
DA:39,3
DA:41,3
DA:42,3
DA:43,3
FN:20,System.Void L0gg3r.Base.LogLevel::.cctor()
FNDA:1,System.Void L0gg3r.Base.LogLevel::.cctor()
DA:21,1
DA:22,2
DA:23,2
DA:24,2
DA:25,2
DA:26,2
LF:76
LH:20
BRF:20
BRH:2
FNF:18
FNH:7
end_of_record
SF:/Users/wolf/Coden/L0gg3r/L0gg3r.Base/src/LogMessage.cs
FN:47,System.DateTimeOffset L0gg3r.Base.LogMessage::get_Timestamp()
FNDA:12,System.DateTimeOffset L0gg3r.Base.LogMessage::get_Timestamp()
DA:48,12
FN:53,L0gg3r.Base.LogLevel L0gg3r.Base.LogMessage::get_LogLevel()
FNDA:24,L0gg3r.Base.LogLevel L0gg3r.Base.LogMessage::get_LogLevel()
DA:54,24
FN:58,System.Object L0gg3r.Base.LogMessage::get_Payload()
FNDA:56,System.Object L0gg3r.Base.LogMessage::get_Payload()
DA:59,56
FN:63,System.Collections.Generic.IReadOnlyCollection`1<System.String> L0gg3r.Base.LogMessage::get_Senders()
FNDA:0,System.Collections.Generic.IReadOnlyCollection`1<System.String> L0gg3r.Base.LogMessage::get_Senders()
DA:64,0
FN:76,L0gg3r.Base.ILogger L0gg3r.Base.LogMessage::get_FirstSender()
FNDA:4,L0gg3r.Base.ILogger L0gg3r.Base.LogMessage::get_FirstSender()
DA:77,4
FN:85,L0gg3r.Base.ILogger L0gg3r.Base.LogMessage::get_LastSender()
FNDA:8,L0gg3r.Base.ILogger L0gg3r.Base.LogMessage::get_LastSender()
DA:86,8
FN:90,System.Boolean L0gg3r.Base.LogMessage::get_PassThrough()
FNDA:20,System.Boolean L0gg3r.Base.LogMessage::get_PassThrough()
DA:91,20
FN:97,System.Boolean L0gg3r.Base.LogMessage::Equals(L0gg3r.Base.LogMessage)
FNDA:0,System.Boolean L0gg3r.Base.LogMessage::Equals(L0gg3r.Base.LogMessage)
DA:98,0
FN:100,System.Int32 L0gg3r.Base.LogMessage::GetHashCode()
FNDA:0,System.Int32 L0gg3r.Base.LogMessage::GetHashCode()
DA:101,0
FN:37,System.Void L0gg3r.Base.LogMessage::.ctor()
FNDA:8,System.Void L0gg3r.Base.LogMessage::.ctor()
DA:38,8
DA:39,8
FN:106,System.Boolean L0gg3r.Base.LogMessage/<GetSenders>d__29::MoveNext()
FNDA:0,System.Boolean L0gg3r.Base.LogMessage/<GetSenders>d__29::MoveNext()
DA:107,0
DA:108,0
DA:109,0
DA:110,0
DA:111,0
DA:112,0
DA:113,0
DA:114,0
DA:116,0
DA:117,0
DA:119,0
DA:120,0
DA:121,0
DA:123,0
DA:124,0
DA:125,0
DA:126,0
BRDA:108,62,0,0
BRDA:110,84,0,0
BRDA:110,84,1,0
BRDA:108,62,1,0
BRDA:119,212,1,0
BRDA:119,212,0,0
LF:28
LH:8
BRF:6
BRH:0
FNF:11
FNH:7
end_of_record
SF:/Users/wolf/Coden/L0gg3r/L0gg3r.Base/src/LogMessagePipeline/FlushAsyncRequest.cs
FN:33,System.Threading.Tasks.TaskCompletionSource L0gg3r.Base.FlushAsyncRequest::get_TaskCompletionSource()
FNDA:0,System.Threading.Tasks.TaskCompletionSource L0gg3r.Base.FlushAsyncRequest::get_TaskCompletionSource()
DA:34,0
FN:23,System.Void L0gg3r.Base.FlushAsyncRequest::.ctor()
FNDA:0,System.Void L0gg3r.Base.FlushAsyncRequest::.ctor()
DA:24,0
DA:25,0
LF:3
LH:0
BRF:0
BRH:0
FNF:2
FNH:0
end_of_record
SF:/Users/wolf/Coden/L0gg3r/L0gg3r.Base/src/LogMessagePipeline/LogMessagePipeline.cs
FN:93,System.Func`2<L0gg3r.Base.LogMessage,L0gg3r.Base.LogMessage> L0gg3r.Base.LogMessagePipeline::get_Transform()
FNDA:28,System.Func`2<L0gg3r.Base.LogMessage,L0gg3r.Base.LogMessage> L0gg3r.Base.LogMessagePipeline::get_Transform()
DA:94,28
FN:98,System.Boolean L0gg3r.Base.LogMessagePipeline::get_IsDisposed()
FNDA:48,System.Boolean L0gg3r.Base.LogMessagePipeline::get_IsDisposed()
DA:99,48
FN:103,System.Collections.Generic.IEnumerable`1<System.Predicate`1<L0gg3r.Base.LogMessage>> L0gg3r.Base.LogMessagePipeline::get_Filters()
FNDA:0,System.Collections.Generic.IEnumerable`1<System.Predicate`1<L0gg3r.Base.LogMessage>> L0gg3r.Base.LogMessagePipeline::get_Filters()
DA:104,0
FN:108,System.Boolean L0gg3r.Base.LogMessagePipeline::get_IsDisabled()
FNDA:16,System.Boolean L0gg3r.Base.LogMessagePipeline::get_IsDisabled()
DA:109,16
FN:116,System.Void L0gg3r.Base.LogMessagePipeline::Dispose()
FNDA:0,System.Void L0gg3r.Base.LogMessagePipeline::Dispose()
DA:117,0
FN:140,L0gg3r.Base.LogMessagePipeline L0gg3r.Base.LogMessagePipeline::Submit(L0gg3r.Base.LogMessage)
FNDA:16,L0gg3r.Base.LogMessagePipeline L0gg3r.Base.LogMessagePipeline::Submit(L0gg3r.Base.LogMessage)
DA:141,16
DA:142,16
DA:144,16
DA:145,16
DA:146,16
DA:147,16
DA:149,16
DA:150,16
BRDA:144,25,0,16
BRDA:144,25,1,16
FN:154,System.IDisposable L0gg3r.Base.LogMessagePipeline::AddFilter(System.Predicate`1<L0gg3r.Base.LogMessage>)
FNDA:8,System.IDisposable L0gg3r.Base.LogMessagePipeline::AddFilter(System.Predicate`1<L0gg3r.Base.LogMessage>)
DA:155,8
DA:156,8
DA:158,8
DA:160,8
DA:162,8
DA:163,8
FN:167,System.Void L0gg3r.Base.LogMessagePipeline::RemoveFilter(System.Predicate`1<L0gg3r.Base.LogMessage>)
FNDA:0,System.Void L0gg3r.Base.LogMessagePipeline::RemoveFilter(System.Predicate`1<L0gg3r.Base.LogMessage>)
DA:168,0
DA:169,0
DA:171,0
DA:173,0
DA:174,0
FN:181,System.IDisposable L0gg3r.Base.LogMessagePipeline::Add(System.Predicate`1<L0gg3r.Base.LogMessage>)
FNDA:0,System.IDisposable L0gg3r.Base.LogMessagePipeline::Add(System.Predicate`1<L0gg3r.Base.LogMessage>)
DA:182,0
FN:212,System.Void L0gg3r.Base.LogMessagePipeline::Flush()
FNDA:0,System.Void L0gg3r.Base.LogMessagePipeline::Flush()
DA:213,0
FN:220,System.Threading.Tasks.Task L0gg3r.Base.LogMessagePipeline::FlushAsync()
FNDA:0,System.Threading.Tasks.Task L0gg3r.Base.LogMessagePipeline::FlushAsync()
DA:221,0
DA:222,0
DA:224,0
DA:226,0
DA:227,0
DA:228,0
DA:229,0
DA:231,0
DA:233,0
DA:234,0
FN:286,System.Boolean L0gg3r.Base.LogMessagePipeline::IsValid(L0gg3r.Base.LogMessage&)
FNDA:12,System.Boolean L0gg3r.Base.LogMessagePipeline::IsValid(L0gg3r.Base.LogMessage&)
DA:287,12
DA:288,40
DA:289,8
DA:290,8
DA:291,0
DA:292,0
DA:294,8
DA:296,12
DA:297,12
BRDA:288,62,1,8
BRDA:290,34,0,0
BRDA:290,34,1,8
BRDA:288,62,0,12
FN:61,System.Void L0gg3r.Base.LogMessagePipeline::.ctor(System.Action`1<L0gg3r.Base.LogMessage>)
FNDA:0,System.Void L0gg3r.Base.LogMessagePipeline::.ctor(System.Action`1<L0gg3r.Base.LogMessage>)
DA:62,0
DA:63,0
DA:64,0
DA:65,0
DA:66,0
DA:67,0
DA:68,0
DA:69,0
FN:43,System.Void L0gg3r.Base.LogMessagePipeline::.ctor(System.Func`2<L0gg3r.Base.LogMessage,System.Threading.Tasks.ValueTask>)
FNDA:12,System.Void L0gg3r.Base.LogMessagePipeline::.ctor(System.Func`2<L0gg3r.Base.LogMessage,System.Threading.Tasks.ValueTask>)
DA:44,12
DA:50,12
DA:76,12
DA:77,12
DA:78,12
DA:80,12
DA:81,12
FN:121,System.Void L0gg3r.Base.LogMessagePipeline/<DisposeAsync>d__21::MoveNext()
FNDA:12,System.Void L0gg3r.Base.LogMessagePipeline/<DisposeAsync>d__21::MoveNext()
DA:122,12
DA:123,12
DA:125,12
DA:127,12
DA:129,12
DA:131,12
DA:132,12
FN:239,System.Void L0gg3r.Base.LogMessagePipeline/<RunAsync>d__30::MoveNext()
FNDA:12,System.Void L0gg3r.Base.LogMessagePipeline/<RunAsync>d__30::MoveNext()
DA:240,12
DA:241,12
DA:244,12
DA:245,28
DA:246,28
DA:247,28
DA:249,16
DA:250,0
DA:251,0
DA:253,0
DA:256,16
DA:257,12
DA:258,12
DA:259,0
DA:260,0
DA:263,12
DA:264,8
DA:265,8
DA:266,8
DA:267,12
DA:271,16
DA:272,16
DA:273,16
DA:274,0
DA:275,0
DA:276,0
DA:277,0
DA:279,16
DA:281,12
DA:282,12
DA:283,12
DA:284,12
BRDA:249,251,0,0
BRDA:249,251,1,16
BRDA:249,274,0,0
BRDA:249,274,1,16
BRDA:256,317,0,12
BRDA:258,344,0,0
BRDA:258,344,1,12
BRDA:263,373,0,8
BRDA:263,373,1,12
BRDA:256,317,1,16
FN:186,System.Boolean L0gg3r.Base.LogMessagePipeline/<System-Collections-Generic-IEnumerable<System-Predicate<L0gg3r-Base-LogMessage>>-GetEnumerator>d__26::MoveNext()
FNDA:0,System.Boolean L0gg3r.Base.LogMessagePipeline/<System-Collections-Generic-IEnumerable<System-Predicate<L0gg3r-Base-LogMessage>>-GetEnumerator>d__26::MoveNext()
DA:187,0
DA:188,0
DA:190,0
DA:191,0
DA:192,0
DA:193,0
DA:194,0
BRDA:190,145,1,0
BRDA:190,145,0,0
FN:198,System.Boolean L0gg3r.Base.LogMessagePipeline/<System-Collections-IEnumerable-GetEnumerator>d__27::MoveNext()
FNDA:0,System.Boolean L0gg3r.Base.LogMessagePipeline/<System-Collections-IEnumerable-GetEnumerator>d__27::MoveNext()
DA:199,0
DA:200,0
DA:202,0
DA:203,0
DA:204,0
DA:205,0
DA:206,0
BRDA:202,145,1,0
BRDA:202,145,0,0
LF:113
LH:61
BRF:20
BRH:12
FNF:18
FNH:9
end_of_record
SF:/Users/wolf/Coden/L0gg3r/L0gg3r/src/Disposable.cs
FN:33,System.Boolean L0gg3r.Disposable::get_IsDisposed()
FNDA:0,System.Boolean L0gg3r.Disposable::get_IsDisposed()
DA:34,0
FN:42,System.Void L0gg3r.Disposable::Dispose()
FNDA:0,System.Void L0gg3r.Disposable::Dispose()
DA:43,0
DA:44,0
DA:46,0
DA:48,0
DA:49,0
FN:53,System.String L0gg3r.Disposable::GetDebuggerDisplay()
FNDA:0,System.String L0gg3r.Disposable::GetDebuggerDisplay()
DA:54,0
FN:19,System.Void L0gg3r.Disposable::.ctor(System.Action)
FNDA:4,System.Void L0gg3r.Disposable::.ctor(System.Action)
DA:20,4
DA:25,4
LF:9
LH:2
BRF:0
BRH:0
FNF:4
FNH:1
end_of_record
SF:/Users/wolf/Coden/L0gg3r/L0gg3r/src/Extensions/LoggerExtensions.cs
FN:30,L0gg3r.Logger L0gg3r.LoggerExtensions::Info(L0gg3r.Logger,System.String)
FNDA:0,L0gg3r.Logger L0gg3r.LoggerExtensions::Info(L0gg3r.Logger,System.String)
DA:31,0
DA:32,0
DA:33,0
DA:35,0
DA:37,0
DA:38,0
FN:48,L0gg3r.Logger L0gg3r.LoggerExtensions::Warning(L0gg3r.Logger,System.String)
FNDA:0,L0gg3r.Logger L0gg3r.LoggerExtensions::Warning(L0gg3r.Logger,System.String)
DA:49,0
DA:50,0
DA:51,0
DA:53,0
DA:55,0
DA:56,0
FN:66,L0gg3r.Logger L0gg3r.LoggerExtensions::Error(L0gg3r.Logger,System.String)
FNDA:0,L0gg3r.Logger L0gg3r.LoggerExtensions::Error(L0gg3r.Logger,System.String)
DA:67,0
DA:68,0
DA:69,0
DA:71,0
DA:73,0
DA:74,0
LF:18
LH:0
BRF:0
BRH:0
FNF:3
FNH:0
end_of_record
SF:/Users/wolf/Coden/L0gg3r/L0gg3r/src/FlushAsyncRequest.cs
FN:33,System.Threading.Tasks.TaskCompletionSource L0gg3r.FlushAsyncRequest::get_TaskCompletionSource()
FNDA:12,System.Threading.Tasks.TaskCompletionSource L0gg3r.FlushAsyncRequest::get_TaskCompletionSource()
DA:34,12
FN:23,System.Void L0gg3r.FlushAsyncRequest::.ctor()
FNDA:4,System.Void L0gg3r.FlushAsyncRequest::.ctor()
DA:24,4
DA:25,4
LF:3
LH:3
BRF:0
BRH:0
FNF:2
FNH:2
end_of_record
SF:/Users/wolf/Coden/L0gg3r/L0gg3r/src/Logger.cs
FN:86,System.Boolean L0gg3r.Logger::get_IsDisposed()
FNDA:44,System.Boolean L0gg3r.Logger::get_IsDisposed()
DA:87,44
FN:91,System.String L0gg3r.Logger::get_Name()
FNDA:28,System.String L0gg3r.Logger::get_Name()
DA:92,28
FN:99,L0gg3r.Base.ILogger L0gg3r.Logger::get_ParentLogger()
FNDA:16,L0gg3r.Base.ILogger L0gg3r.Logger::get_ParentLogger()
DA:100,16
FN:104,System.Collections.Generic.IEnumerable`1<L0gg3r.Base.ILogSink> L0gg3r.Logger::get_LogSinks()
FNDA:0,System.Collections.Generic.IEnumerable`1<L0gg3r.Base.ILogSink> L0gg3r.Logger::get_LogSinks()
DA:105,0
FN:109,System.Collections.Generic.IEnumerable`1<System.Predicate`1<L0gg3r.Base.LogMessage>> L0gg3r.Logger::get_Filters()
FNDA:0,System.Collections.Generic.IEnumerable`1<System.Predicate`1<L0gg3r.Base.LogMessage>> L0gg3r.Logger::get_Filters()
DA:110,0
FN:114,System.Collections.Generic.IReadOnlyDictionary`2<System.String,L0gg3r.Base.ILogger> L0gg3r.Logger::get_ChildLoggers()
FNDA:0,System.Collections.Generic.IReadOnlyDictionary`2<System.String,L0gg3r.Base.ILogger> L0gg3r.Logger::get_ChildLoggers()
DA:115,0
FN:122,L0gg3r.Base.LogLevel L0gg3r.Logger::get_MinimumLogLevel()
FNDA:16,L0gg3r.Base.LogLevel L0gg3r.Logger::get_MinimumLogLevel()
DA:123,16
FN:127,System.TimeProvider L0gg3r.Logger::get_TimeProvider()
FNDA:12,System.TimeProvider L0gg3r.Logger::get_TimeProvider()
DA:128,12
FN:165,L0gg3r.Base.ILogger L0gg3r.Logger::Log(L0gg3r.Base.LogLevel,System.Object)
FNDA:4,L0gg3r.Base.ILogger L0gg3r.Logger::Log(L0gg3r.Base.LogLevel,System.Object)
DA:166,4
DA:167,4
DA:169,4
DA:170,4
DA:171,4
DA:172,4
DA:173,4
DA:174,4
DA:175,4
DA:177,4
DA:178,4
FN:185,L0gg3r.Base.ILogger L0gg3r.Logger::Log(L0gg3r.Base.LogMessage&)
FNDA:12,L0gg3r.Base.ILogger L0gg3r.Logger::Log(L0gg3r.Base.LogMessage&)
DA:186,12
DA:187,12
DA:189,12
DA:190,12
FN:195,System.Void L0gg3r.Logger::Flush()
FNDA:4,System.Void L0gg3r.Logger::Flush()
DA:196,4
FN:240,L0gg3r.Base.ILogger L0gg3r.Logger::GetChildLogger(System.String)
FNDA:4,L0gg3r.Base.ILogger L0gg3r.Logger::GetChildLogger(System.String)
DA:241,4
DA:242,4
DA:244,4
DA:245,0
DA:246,0
DA:249,4
DA:250,4
DA:252,4
DA:254,4
DA:256,4
BRDA:244,30,0,0
BRDA:244,30,1,4
FN:264,System.Void L0gg3r.Logger::AddChildLogger(L0gg3r.Base.ILogger)
FNDA:8,System.Void L0gg3r.Logger::AddChildLogger(L0gg3r.Base.ILogger)
DA:265,8
DA:266,8
DA:267,8
DA:269,8
DA:271,8
DA:272,8
FN:280,System.IDisposable L0gg3r.Logger::AddLogSink(L0gg3r.Base.ILogSink)
FNDA:4,System.IDisposable L0gg3r.Logger::AddLogSink(L0gg3r.Base.ILogSink)
DA:281,4
DA:282,4
DA:284,4
DA:286,4
DA:288,4
DA:289,4
FN:296,System.Void L0gg3r.Logger::RemoveLogSink(L0gg3r.Base.ILogSink)
FNDA:0,System.Void L0gg3r.Logger::RemoveLogSink(L0gg3r.Base.ILogSink)
DA:297,0
DA:298,0
DA:300,0
DA:302,0
DA:303,0
DA:304,0
DA:305,0
DA:307,0
DA:308,0
DA:310,0
BRDA:302,35,0,0
BRDA:302,35,1,0
FN:318,System.IDisposable L0gg3r.Logger::AddFilter(System.Predicate`1<L0gg3r.Base.LogMessage>)
FNDA:0,System.IDisposable L0gg3r.Logger::AddFilter(System.Predicate`1<L0gg3r.Base.LogMessage>)
DA:319,0
DA:320,0
DA:322,0
DA:324,0
DA:325,0
FN:332,System.Void L0gg3r.Logger::RemoveFilter(System.Predicate`1<L0gg3r.Base.LogMessage>)
FNDA:0,System.Void L0gg3r.Logger::RemoveFilter(System.Predicate`1<L0gg3r.Base.LogMessage>)
DA:333,0
DA:334,0
DA:336,0
DA:338,0
DA:339,0
FN:378,L0gg3r.Base.LogMessage L0gg3r.Logger::TransformLogMessage(L0gg3r.Base.LogMessage)
FNDA:8,L0gg3r.Base.LogMessage L0gg3r.Logger::TransformLogMessage(L0gg3r.Base.LogMessage)
DA:379,8
DA:380,8
DA:381,8
DA:382,8
DA:383,8
DA:384,8
FN:385,System.Boolean L0gg3r.Logger::MiniumLogLevelFilter(L0gg3r.Base.LogMessage)
FNDA:8,System.Boolean L0gg3r.Logger::MiniumLogLevelFilter(L0gg3r.Base.LogMessage)
DA:386,8
FN:27,System.Void L0gg3r.Logger::.ctor()
FNDA:8,System.Void L0gg3r.Logger::.ctor()
DA:28,8
DA:30,8
DA:39,8
DA:40,8
DA:41,8
DA:43,8
DA:44,8
DA:45,8
DA:46,8
DA:49,8
DA:51,8
BRDA:41,74,0,0
BRDA:41,74,1,8
FN:57,System.Void L0gg3r.Logger::.ctor(System.String)
FNDA:0,System.Void L0gg3r.Logger::.ctor(System.String)
DA:58,0
DA:59,0
DA:60,0
DA:61,0
FN:72,System.Void L0gg3r.Logger::.ctor(System.String,L0gg3r.Logger)
FNDA:4,System.Void L0gg3r.Logger::.ctor(System.String,L0gg3r.Logger)
DA:73,4
DA:74,4
DA:75,4
DA:77,4
DA:78,4
FN:136,System.Void L0gg3r.Logger/<DisposeAsync>d__32::MoveNext()
FNDA:8,System.Void L0gg3r.Logger/<DisposeAsync>d__32::MoveNext()
DA:137,8
DA:138,8
DA:140,8
DA:142,32
DA:143,4
DA:144,4
DA:145,4
DA:146,4
DA:147,4
DA:148,4
DA:150,8
DA:152,32
DA:153,4
DA:154,4
DA:155,4
DA:156,8
BRDA:142,289,1,4
BRDA:144,151,0,4
BRDA:144,151,1,4
BRDA:142,289,0,8
BRDA:152,631,1,4
BRDA:152,631,0,8
FN:203,System.Void L0gg3r.Logger/<FlushAsync>d__36::MoveNext()
FNDA:4,System.Void L0gg3r.Logger/<FlushAsync>d__36::MoveNext()
DA:204,4
DA:205,4
DA:207,4
DA:209,4
DA:210,4
DA:211,4
DA:212,4
DA:213,4
DA:215,4
DA:218,12
DA:219,0
DA:220,0
DA:221,0
DA:224,12
DA:225,0
DA:226,0
DA:227,0
DA:228,0
DA:229,0
DA:230,0
DA:231,4
BRDA:218,439,1,0
BRDA:218,439,0,4
BRDA:224,703,1,0
BRDA:226,554,0,0
BRDA:226,554,1,0
BRDA:224,703,0,4
FN:344,System.Void L0gg3r.Logger/<SubmitLogMessageAsync>d__43::MoveNext()
FNDA:12,System.Void L0gg3r.Logger/<SubmitLogMessageAsync>d__43::MoveNext()
DA:345,12
DA:346,12
DA:347,4
DA:348,4
DA:350,4
DA:353,8
DA:355,8
DA:357,8
DA:359,8
DA:361,24
DA:362,4
DA:363,4
DA:366,4
DA:367,4
DA:368,4
DA:369,0
DA:370,0
DA:371,0
DA:372,0
DA:373,4
DA:375,8
DA:376,12
BRDA:346,47,0,4
BRDA:346,47,1,8
BRDA:346,67,0,4
BRDA:346,67,1,8
BRDA:359,139,0,4
BRDA:359,139,1,4
BRDA:361,639,1,4
BRDA:361,639,0,8
LF:152
LH:110
BRF:26
BRH:18
FNF:25
FNH:18
end_of_record
SF:/Users/wolf/Coden/L0gg3r/L0gg3r.LogSinks.Base/src/Extensions/TypeExtensions.cs
FN:27,System.Boolean L0gg3r.LogSinks.Base.TypeExtensions/<GetInjectedProperties>d__0::MoveNext()
FNDA:0,System.Boolean L0gg3r.LogSinks.Base.TypeExtensions/<GetInjectedProperties>d__0::MoveNext()
DA:28,0
DA:29,0
DA:30,0
DA:31,0
DA:32,0
DA:33,0
DA:34,0
DA:35,0
DA:36,0
BRDA:29,166,1,0
BRDA:31,98,0,0
BRDA:31,98,1,0
BRDA:29,166,0,0
LF:9
LH:0
BRF:4
BRH:0
FNF:1
FNH:0
end_of_record
SF:/Users/wolf/Coden/L0gg3r/L0gg3r.LogSinks.Base/src/LogMessageWriter/LogMessageWriterAttribute.cs
FN:44,System.Type L0gg3r.LogSinks.Base.LogMessageWriterAttribute::get_LogSinkType()
FNDA:0,System.Type L0gg3r.LogSinks.Base.LogMessageWriterAttribute::get_LogSinkType()
DA:45,0
FN:29,System.Void L0gg3r.LogSinks.Base.LogMessageWriterAttribute::.ctor(System.Type)
FNDA:0,System.Void L0gg3r.LogSinks.Base.LogMessageWriterAttribute::.ctor(System.Type)
DA:30,0
DA:31,0
DA:32,0
DA:34,0
DA:35,0
DA:36,0
DA:39,0
DA:40,0
BRDA:34,41,0,0
BRDA:34,41,1,0
LF:9
LH:0
BRF:2
BRH:0
FNF:2
FNH:0
end_of_record
SF:/Users/wolf/Coden/L0gg3r/L0gg3r.LogSinks.Base/src/LogMessageWriter/LogMessageWriterAttribute{TLogSink}.cs
FN:32,System.Void L0gg3r.LogSinks.Base.LogMessageWriterAttribute`1::.ctor()
FNDA:0,System.Void L0gg3r.LogSinks.Base.LogMessageWriterAttribute`1::.ctor()
DA:33,0
DA:34,0
DA:35,0
LF:3
LH:0
BRF:0
BRH:0
FNF:1
FNH:0
end_of_record
SF:/Users/wolf/Coden/L0gg3r/L0gg3r.LogSinks.Base/src/LogSinkBase/LogSinkBase.cs
FN:68,System.Boolean L0gg3r.LogSinks.Base.LogSinkBase`1::get_IsDisposed()
FNDA:12,System.Boolean L0gg3r.LogSinks.Base.LogSinkBase`1::get_IsDisposed()
DA:69,12
FN:76,System.Boolean L0gg3r.LogSinks.Base.LogSinkBase`1::get_IsDisabled()
FNDA:4,System.Boolean L0gg3r.LogSinks.Base.LogSinkBase`1::get_IsDisabled()
DA:77,4
FN:79,System.Collections.Generic.IEnumerable`1<System.Object> L0gg3r.LogSinks.Base.LogSinkBase`1::get_LogMessageWriters()
FNDA:0,System.Collections.Generic.IEnumerable`1<System.Object> L0gg3r.LogSinks.Base.LogSinkBase`1::get_LogMessageWriters()
DA:80,0
BRDA:80,17,0,0
BRDA:80,17,1,0
FN:82,L0gg3r.Base.ILogger L0gg3r.LogSinks.Base.LogSinkBase`1::get_Logger()
FNDA:0,L0gg3r.Base.ILogger L0gg3r.LogSinks.Base.LogSinkBase`1::get_Logger()
DA:83,0
FN:85,System.Collections.Generic.IEnumerable`1<System.Predicate`1<L0gg3r.Base.LogMessage>> L0gg3r.LogSinks.Base.LogSinkBase`1::get_Filters()
FNDA:0,System.Collections.Generic.IEnumerable`1<System.Predicate`1<L0gg3r.Base.LogMessage>> L0gg3r.LogSinks.Base.LogSinkBase`1::get_Filters()
DA:86,0
FN:105,System.Void L0gg3r.LogSinks.Base.LogSinkBase`1::Flush()
FNDA:0,System.Void L0gg3r.LogSinks.Base.LogSinkBase`1::Flush()
DA:106,0
DA:112,0
DA:113,0
FN:132,System.Threading.Tasks.ValueTask`1<System.Boolean> L0gg3r.LogSinks.Base.LogSinkBase`1::SubmitAsync(L0gg3r.Base.LogMessage&)
FNDA:4,System.Threading.Tasks.ValueTask`1<System.Boolean> L0gg3r.LogSinks.Base.LogSinkBase`1::SubmitAsync(L0gg3r.Base.LogMessage&)
DA:133,4
DA:134,4
DA:136,4
DA:137,0
DA:138,0
DA:141,4
DA:143,4
DA:144,4
BRDA:136,22,0,0
BRDA:136,22,1,4
FN:149,System.IDisposable L0gg3r.LogSinks.Base.LogSinkBase`1::AddFilter(System.Predicate`1<L0gg3r.Base.LogMessage>)
FNDA:0,System.IDisposable L0gg3r.LogSinks.Base.LogSinkBase`1::AddFilter(System.Predicate`1<L0gg3r.Base.LogMessage>)
DA:150,0
DA:151,0
DA:153,0
DA:155,0
DA:156,0
FN:161,System.Void L0gg3r.LogSinks.Base.LogSinkBase`1::RemoveFilter(System.Predicate`1<L0gg3r.Base.LogMessage>)
FNDA:0,System.Void L0gg3r.LogSinks.Base.LogSinkBase`1::RemoveFilter(System.Predicate`1<L0gg3r.Base.LogMessage>)
DA:162,0
DA:163,0
DA:165,0
DA:167,0
DA:168,0
FN:178,System.Boolean L0gg3r.LogSinks.Base.LogSinkBase`1::Enable()
FNDA:0,System.Boolean L0gg3r.LogSinks.Base.LogSinkBase`1::Enable()
DA:179,0
DA:180,0
DA:182,0
DA:183,0
DA:184,0
DA:187,0
DA:189,0
DA:190,0
BRDA:182,25,0,0
BRDA:182,25,1,0
FN:199,System.Boolean L0gg3r.LogSinks.Base.LogSinkBase`1::Disable()
FNDA:0,System.Boolean L0gg3r.LogSinks.Base.LogSinkBase`1::Disable()
DA:200,0
FN:240,System.IDisposable L0gg3r.LogSinks.Base.LogSinkBase`1::RegisterLogMessageWriter(System.Object)
FNDA:0,System.IDisposable L0gg3r.LogSinks.Base.LogSinkBase`1::RegisterLogMessageWriter(System.Object)
DA:241,0
FN:247,System.IDisposable L0gg3r.LogSinks.Base.LogSinkBase`1::RegisterLogMessageWriter(System.Object,System.Boolean)
FNDA:0,System.IDisposable L0gg3r.LogSinks.Base.LogSinkBase`1::RegisterLogMessageWriter(System.Object,System.Boolean)
DA:248,0
DA:249,0
DA:251,0
DA:253,0
DA:254,0
DA:255,0
DA:258,0
DA:260,0
DA:261,0
DA:262,0
DA:265,0
DA:266,0
DA:267,0
DA:269,0
DA:270,0
DA:271,0
DA:274,0
DA:276,0
DA:277,0
DA:279,0
DA:281,0
DA:282,0
BRDA:251,55,0,0
BRDA:251,55,1,0
BRDA:253,183,0,0
BRDA:253,183,1,0
BRDA:258,317,0,0
BRDA:258,317,1,0
BRDA:260,362,0,0
BRDA:260,362,1,0
BRDA:265,550,1,0
BRDA:269,446,0,0
BRDA:269,446,1,0
BRDA:269,459,0,0
BRDA:269,459,1,0
BRDA:265,550,0,0
BRDA:258,6,0,0
BRDA:258,6,1,0
FN:287,System.Void L0gg3r.LogSinks.Base.LogSinkBase`1::UnregisterLogMessageWriter(System.Object)
FNDA:0,System.Void L0gg3r.LogSinks.Base.LogSinkBase`1::UnregisterLogMessageWriter(System.Object)
DA:288,0
DA:289,0
DA:291,0
DA:293,0
DA:294,0
DA:295,0
DA:296,0
DA:297,0
DA:298,0
DA:299,0
DA:301,0
DA:302,0
DA:304,0
BRDA:291,65,0,0
BRDA:291,65,1,0
BRDA:293,109,0,0
BRDA:295,200,1,0
BRDA:295,200,0,0
BRDA:293,109,1,0
BRDA:297,27,0,0
BRDA:297,27,1,0
FN:392,System.Boolean L0gg3r.LogSinks.Base.LogSinkBase`1::TryResolveInjectableProperty(System.Type,System.Object&)
FNDA:0,System.Boolean L0gg3r.LogSinks.Base.LogSinkBase`1::TryResolveInjectableProperty(System.Type,System.Object&)
DA:393,0
DA:394,0
DA:395,0
DA:396,0
DA:398,0
DA:400,0
DA:401,0
DA:402,0
DA:404,0
DA:406,0
DA:407,0
DA:408,0
DA:410,0
DA:412,0
DA:413,0
DA:414,0
DA:416,0
DA:419,0
DA:420,0
DA:422,0
DA:424,0
BRDA:394,19,0,0
BRDA:394,19,1,0
BRDA:400,48,0,0
BRDA:400,48,1,0
BRDA:406,76,0,0
BRDA:406,76,1,0
BRDA:412,106,0,0
BRDA:412,106,1,0
FN:429,L0gg3r.LogSinks.Base.LogMessageWriterDelegate L0gg3r.LogSinks.Base.LogSinkBase`1::CreateLogMessageWriterDelegate(System.Object,System.Type)
FNDA:0,L0gg3r.LogSinks.Base.LogMessageWriterDelegate L0gg3r.LogSinks.Base.LogSinkBase`1::CreateLogMessageWriterDelegate(System.Object,System.Type)
DA:430,0
DA:431,0
DA:432,0
DA:433,0
DA:434,0
DA:436,0
DA:438,0
DA:440,0
DA:442,0
DA:443,0
FN:445,System.Void L0gg3r.LogSinks.Base.LogSinkBase`1::InjectProperties(System.Object)
FNDA:0,System.Void L0gg3r.LogSinks.Base.LogSinkBase`1::InjectProperties(System.Object)
DA:446,0
DA:447,0
DA:448,0
DA:449,0
DA:450,0
DA:451,0
DA:452,0
DA:453,0
DA:454,0
BRDA:447,65,1,0
BRDA:449,45,0,0
BRDA:449,45,1,0
BRDA:447,65,0,0
FN:47,System.Void L0gg3r.LogSinks.Base.LogSinkBase`1::.ctor()
FNDA:4,System.Void L0gg3r.LogSinks.Base.LogSinkBase`1::.ctor()
DA:48,4
DA:57,4
DA:58,4
DA:59,4
DA:60,4
FN:107,System.Void L0gg3r.LogSinks.Base.LogSinkBase`1/<<Flush>g__FlushAsync|20_0>d::MoveNext()
FNDA:0,System.Void L0gg3r.LogSinks.Base.LogSinkBase`1/<<Flush>g__FlushAsync|20_0>d::MoveNext()
DA:108,0
DA:109,0
DA:110,0
FN:209,System.Void L0gg3r.LogSinks.Base.LogSinkBase`1/<DisableAsync>d__27::MoveNext()
FNDA:0,System.Void L0gg3r.LogSinks.Base.LogSinkBase`1/<DisableAsync>d__27::MoveNext()
DA:210,0
DA:211,0
DA:213,0
DA:214,0
DA:215,0
DA:218,0
DA:219,0
DA:221,0
DA:223,0
DA:224,0
DA:225,0
DA:226,0
DA:227,0
DA:229,0
DA:231,0
DA:233,0
BRDA:213,54,0,0
BRDA:213,54,1,0
FN:93,System.Void L0gg3r.LogSinks.Base.LogSinkBase`1/<DisposeAsync>d__19::MoveNext()
FNDA:4,System.Void L0gg3r.LogSinks.Base.LogSinkBase`1/<DisposeAsync>d__19::MoveNext()
DA:94,4
DA:95,4
DA:97,4
DA:99,4
DA:101,4
DA:102,4
FN:361,System.Void L0gg3r.LogSinks.Base.LogSinkBase`1/<DisposeAsyncCore>d__33::MoveNext()
FNDA:4,System.Void L0gg3r.LogSinks.Base.LogSinkBase`1/<DisposeAsyncCore>d__33::MoveNext()
DA:362,4
DA:363,12
DA:364,0
DA:365,0
DA:366,0
DA:367,0
DA:368,0
DA:369,0
DA:370,0
DA:371,0
DA:372,0
DA:373,0
DA:375,4
DA:376,4
BRDA:363,316,1,0
BRDA:365,116,0,0
BRDA:365,116,1,0
BRDA:369,267,0,0
BRDA:369,267,1,0
BRDA:363,316,0,4
FN:116,System.Void L0gg3r.LogSinks.Base.LogSinkBase`1/<FlushAsync>d__21::MoveNext()
FNDA:0,System.Void L0gg3r.LogSinks.Base.LogSinkBase`1/<FlushAsync>d__21::MoveNext()
DA:117,0
DA:118,0
DA:120,0
DA:122,0
DA:123,0
DA:124,0
DA:125,0
DA:126,0
DA:128,0
DA:129,0
FN:325,System.Void L0gg3r.LogSinks.Base.LogSinkBase`1/<ProcessAsync>d__32::MoveNext()
FNDA:4,System.Void L0gg3r.LogSinks.Base.LogSinkBase`1/<ProcessAsync>d__32::MoveNext()
DA:326,4
DA:327,4
DA:328,0
DA:329,0
DA:331,0
DA:333,4
DA:334,0
DA:335,0
DA:337,0
DA:340,4
DA:341,4
DA:343,4
DA:344,0
DA:345,0
DA:346,0
DA:347,0
DA:348,0
DA:349,0
DA:351,4
DA:352,4
DA:353,4
DA:354,4
DA:355,4
BRDA:327,47,0,0
BRDA:327,47,1,4
BRDA:327,67,0,0
BRDA:327,67,1,4
BRDA:333,110,0,0
BRDA:333,110,1,4
BRDA:333,130,0,0
BRDA:333,130,1,4
BRDA:341,169,0,0
BRDA:341,169,1,4
BRDA:343,196,0,4
BRDA:343,196,1,0
BRDA:343,243,0,0
BRDA:345,481,1,0
BRDA:345,481,0,0
BRDA:343,243,1,4
LF:188
LH:34
BRF:66
BRH:9
FNF:24
FNH:7
end_of_record
SF:/Users/wolf/Coden/L0gg3r/L0gg3r.LogSinks.Base/src/LogSinkBase/Requests/DisableAsyncRequest.cs
FN:33,System.Threading.Tasks.TaskCompletionSource L0gg3r.LogSinks.Base.DisableAsyncRequest::get_TaskCompletionSource()
FNDA:0,System.Threading.Tasks.TaskCompletionSource L0gg3r.LogSinks.Base.DisableAsyncRequest::get_TaskCompletionSource()
DA:34,0
FN:23,System.Void L0gg3r.LogSinks.Base.DisableAsyncRequest::.ctor()
FNDA:0,System.Void L0gg3r.LogSinks.Base.DisableAsyncRequest::.ctor()
DA:24,0
DA:25,0
LF:3
LH:0
BRF:0
BRH:0
FNF:2
FNH:0
end_of_record
SF:/Users/wolf/Coden/L0gg3r/L0gg3r.LogSinks.Base/src/LogSinkBase/Requests/FlushAsyncRequest.cs
FN:33,System.Threading.Tasks.TaskCompletionSource L0gg3r.LogSinks.Base.FlushAsyncRequest::get_TaskCompletionSource()
FNDA:0,System.Threading.Tasks.TaskCompletionSource L0gg3r.LogSinks.Base.FlushAsyncRequest::get_TaskCompletionSource()
DA:34,0
FN:23,System.Void L0gg3r.LogSinks.Base.FlushAsyncRequest::.ctor()
FNDA:0,System.Void L0gg3r.LogSinks.Base.FlushAsyncRequest::.ctor()
DA:24,0
DA:25,0
LF:3
LH:0
BRF:0
BRH:0
FNF:2
FNH:0
end_of_record
SF:/Users/wolf/Coden/L0gg3r/L0gg3r.Extensions.Logging/src/ActionDisposable.cs
FN:21,System.Void L0gg3r.Extensions.Logging.ActionDisposable::Dispose()
FNDA:0,System.Void L0gg3r.Extensions.Logging.ActionDisposable::Dispose()
DA:22,0
DA:23,0
DA:24,0
FN:14,System.Void L0gg3r.Extensions.Logging.ActionDisposable::.ctor(System.Action)
FNDA:0,System.Void L0gg3r.Extensions.Logging.ActionDisposable::.ctor(System.Action)
DA:15,0
DA:16,0
DA:17,0
DA:18,0
LF:7
LH:0
BRF:0
BRH:0
FNF:2
FNH:0
end_of_record
SF:/Users/wolf/Coden/L0gg3r/L0gg3r.Extensions.Logging/src/Extensions/ILoggingBuilderExtensions.cs
FN:25,Microsoft.Extensions.Logging.ILoggingBuilder L0gg3r.Extensions.Logging.ILoggingBuilderExtensions::AddL0gg3r(Microsoft.Extensions.Logging.ILoggingBuilder)
FNDA:0,Microsoft.Extensions.Logging.ILoggingBuilder L0gg3r.Extensions.Logging.ILoggingBuilderExtensions::AddL0gg3r(Microsoft.Extensions.Logging.ILoggingBuilder)
DA:26,0
DA:27,0
DA:29,0
DA:31,0
DA:33,0
DA:34,0
FN:36,Microsoft.Extensions.Logging.ILoggingBuilder L0gg3r.Extensions.Logging.ILoggingBuilderExtensions::AddL0gg3r(Microsoft.Extensions.Logging.ILoggingBuilder,L0gg3r.Logger)
FNDA:4,Microsoft.Extensions.Logging.ILoggingBuilder L0gg3r.Extensions.Logging.ILoggingBuilderExtensions::AddL0gg3r(Microsoft.Extensions.Logging.ILoggingBuilder,L0gg3r.Logger)
DA:37,4
DA:38,4
DA:39,4
DA:41,8
DA:43,4
DA:44,4
DA:46,4
DA:47,4
FN:49,Microsoft.Extensions.Logging.ILoggingBuilder L0gg3r.Extensions.Logging.ILoggingBuilderExtensions::AddL0gg3r(Microsoft.Extensions.Logging.ILoggingBuilder,System.Action`1<L0gg3r.Builder.LoggerBuilder>)
FNDA:4,Microsoft.Extensions.Logging.ILoggingBuilder L0gg3r.Extensions.Logging.ILoggingBuilderExtensions::AddL0gg3r(Microsoft.Extensions.Logging.ILoggingBuilder,System.Action`1<L0gg3r.Builder.LoggerBuilder>)
DA:50,4
DA:51,4
DA:52,4
DA:54,4
DA:56,4
DA:58,4
DA:59,4
LF:21
LH:15
BRF:0
BRH:0
FNF:3
FNH:2
end_of_record
SF:/Users/wolf/Coden/L0gg3r/L0gg3r.Extensions.Logging/src/Extensions/LogLevelExtensions.cs
FN:15,L0gg3r.Base.LogLevel L0gg3r.Extensions.Logging.LogLevelExtensions::FromExtensionsLogLevel(Microsoft.Extensions.Logging.LogLevel)
FNDA:4,L0gg3r.Base.LogLevel L0gg3r.Extensions.Logging.LogLevelExtensions::FromExtensionsLogLevel(Microsoft.Extensions.Logging.LogLevel)
DA:16,4
DA:17,4
DA:18,4
DA:19,1
DA:20,1
DA:21,1
DA:22,1
DA:23,0
DA:24,4
DA:25,4
BRDA:17,8,1,1
BRDA:17,8,2,1
BRDA:17,8,3,1
BRDA:17,8,4,1
BRDA:17,8,0,0
LF:10
LH:9
BRF:5
BRH:4
FNF:1
FNH:1
end_of_record
SF:/Users/wolf/Coden/L0gg3r/L0gg3r.Extensions.Logging/src/LoggerAdapter.cs
FN:60,L0gg3r.Base.ILogger L0gg3r.Extensions.Logging.LoggerAdapter::get_CurrentLogger()
FNDA:4,L0gg3r.Base.ILogger L0gg3r.Extensions.Logging.LoggerAdapter::get_CurrentLogger()
DA:61,4
FN:78,System.IDisposable L0gg3r.Extensions.Logging.LoggerAdapter::BeginScope(TState)
FNDA:0,System.IDisposable L0gg3r.Extensions.Logging.LoggerAdapter::BeginScope(TState)
DA:79,0
DA:80,0
DA:82,0
DA:84,0
DA:86,0
DA:87,0
DA:88,0
DA:89,0
DA:90,0
DA:91,0
DA:92,0
DA:93,0
DA:94,0
DA:95,0
DA:96,0
DA:97,0
DA:98,0
DA:99,0
FN:101,System.Boolean L0gg3r.Extensions.Logging.LoggerAdapter::IsEnabled(Microsoft.Extensions.Logging.LogLevel)
FNDA:4,System.Boolean L0gg3r.Extensions.Logging.LoggerAdapter::IsEnabled(Microsoft.Extensions.Logging.LogLevel)
DA:102,4
FN:105,System.Void L0gg3r.Extensions.Logging.LoggerAdapter::Log(Microsoft.Extensions.Logging.LogLevel,Microsoft.Extensions.Logging.EventId,TState,System.Exception,System.Func`3<TState,System.Exception,System.String>)
FNDA:4,System.Void L0gg3r.Extensions.Logging.LoggerAdapter::Log(Microsoft.Extensions.Logging.LogLevel,Microsoft.Extensions.Logging.EventId,TState,System.Exception,System.Func`3<TState,System.Exception,System.String>)
DA:106,4
DA:107,4
DA:108,0
DA:109,0
DA:112,4
DA:114,4
DA:116,4
DA:117,4
BRDA:107,13,0,0
BRDA:107,13,1,4
FN:22,System.Void L0gg3r.Extensions.Logging.LoggerAdapter::.ctor(L0gg3r.Base.ILogger)
FNDA:4,System.Void L0gg3r.Extensions.Logging.LoggerAdapter::.ctor(L0gg3r.Base.ILogger)
DA:23,4
DA:37,4
DA:38,4
DA:39,4
DA:41,4
DA:42,4
FN:52,System.Void L0gg3r.Extensions.Logging.LoggerAdapter::.ctor(System.String)
FNDA:0,System.Void L0gg3r.Extensions.Logging.LoggerAdapter::.ctor(System.String)
DA:53,0
DA:54,0
DA:55,0
DA:56,0
FN:68,System.Void L0gg3r.Extensions.Logging.LoggerAdapter/<DisposeAsync>d__5::MoveNext()
FNDA:0,System.Void L0gg3r.Extensions.Logging.LoggerAdapter/<DisposeAsync>d__5::MoveNext()
DA:69,0
DA:70,0
DA:71,0
DA:72,0
DA:73,0
DA:74,0
BRDA:70,163,1,0
BRDA:70,163,0,0
LF:44
LH:14
BRF:6
BRH:1
FNF:7
FNH:4
end_of_record
SF:/Users/wolf/Coden/L0gg3r/L0gg3r.Extensions.Logging/src/LoggerProvider.cs
FN:52,Microsoft.Extensions.Logging.ILogger L0gg3r.Extensions.Logging.LoggerProvider::CreateLogger(System.String)
FNDA:4,Microsoft.Extensions.Logging.ILogger L0gg3r.Extensions.Logging.LoggerProvider::CreateLogger(System.String)
DA:53,4
DA:54,4
DA:55,0
DA:56,0
DA:59,4
DA:60,4
DA:62,4
BRDA:54,14,0,0
BRDA:54,14,1,4
FN:65,System.Void L0gg3r.Extensions.Logging.LoggerProvider::Dispose()
FNDA:4,System.Void L0gg3r.Extensions.Logging.LoggerProvider::Dispose()
DA:66,4
DA:67,4
DA:68,4
FN:30,System.Void L0gg3r.Extensions.Logging.LoggerProvider::.ctor()
FNDA:0,System.Void L0gg3r.Extensions.Logging.LoggerProvider::.ctor()
DA:31,0
DA:32,0
DA:33,0
DA:34,0
FN:39,System.Void L0gg3r.Extensions.Logging.LoggerProvider::.ctor(L0gg3r.Base.ILogger)
FNDA:4,System.Void L0gg3r.Extensions.Logging.LoggerProvider::.ctor(L0gg3r.Base.ILogger)
DA:40,4
DA:41,4
DA:42,4
DA:44,4
DA:45,4
LF:19
LH:13
BRF:2
BRH:1
FNF:4
FNH:3
end_of_record
SF:/Users/wolf/Coden/L0gg3r/L0gg3r.Builder/src/BuilderBase{TTarget,TBuilder}.cs
FN:38,TBuilder L0gg3r.Builder.BuilderBase`2::WithModification(System.Action`1<TTarget>)
FNDA:12,TBuilder L0gg3r.Builder.BuilderBase`2::WithModification(System.Action`1<TTarget>)
DA:39,12
DA:40,12
DA:42,12
DA:43,12
FN:49,TTarget L0gg3r.Builder.BuilderBase`2::Build()
FNDA:4,TTarget L0gg3r.Builder.BuilderBase`2::Build()
DA:50,4
DA:51,4
DA:53,36
DA:54,12
DA:55,12
DA:56,12
DA:58,4
DA:59,4
BRDA:53,47,1,12
BRDA:53,47,0,4
FN:23,System.Void L0gg3r.Builder.BuilderBase`2::.ctor()
FNDA:4,System.Void L0gg3r.Builder.BuilderBase`2::.ctor()
DA:24,4
LF:13
LH:13
BRF:2
BRH:2
FNF:3
FNH:3
end_of_record
SF:/Users/wolf/Coden/L0gg3r/L0gg3r.Builder/src/LoggerBuilder.cs
FN:52,L0gg3r.Builder.LogTo L0gg3r.Builder.LoggerBuilder::get_LogTo()
FNDA:4,L0gg3r.Builder.LogTo L0gg3r.Builder.LoggerBuilder::get_LogTo()
DA:53,4
FN:61,System.Collections.Generic.ICollection`1<L0gg3r.Base.ILogSink> L0gg3r.Builder.LoggerBuilder::get_LogSinks()
FNDA:4,System.Collections.Generic.ICollection`1<L0gg3r.Base.ILogSink> L0gg3r.Builder.LoggerBuilder::get_LogSinks()
DA:62,4
FN:73,L0gg3r.Builder.LoggerBuilder L0gg3r.Builder.LoggerBuilder::WithName(System.String)
FNDA:4,L0gg3r.Builder.LoggerBuilder L0gg3r.Builder.LoggerBuilder::WithName(System.String)
DA:74,4
DA:75,4
DA:77,8
DA:78,4
FN:85,L0gg3r.Builder.LoggerBuilder L0gg3r.Builder.LoggerBuilder::WithMinimumLogLevel(L0gg3r.Base.LogLevel)
FNDA:0,L0gg3r.Builder.LoggerBuilder L0gg3r.Builder.LoggerBuilder::WithMinimumLogLevel(L0gg3r.Base.LogLevel)
DA:86,0
DA:87,0
DA:88,0
FN:95,L0gg3r.Builder.LoggerBuilder L0gg3r.Builder.LoggerBuilder::WithFilter(System.Predicate`1<L0gg3r.Base.LogMessage>)
FNDA:0,L0gg3r.Builder.LoggerBuilder L0gg3r.Builder.LoggerBuilder::WithFilter(System.Predicate`1<L0gg3r.Base.LogMessage>)
DA:96,0
DA:97,0
DA:99,0
DA:100,0
FN:107,L0gg3r.Builder.LoggerBuilder L0gg3r.Builder.LoggerBuilder::WithChildLogger(System.String)
FNDA:0,L0gg3r.Builder.LoggerBuilder L0gg3r.Builder.LoggerBuilder::WithChildLogger(System.String)
DA:108,0
DA:109,0
DA:111,0
DA:112,0
DA:113,0
DA:114,0
DA:115,0
DA:116,0
DA:117,0
FN:125,L0gg3r.Builder.LoggerBuilder L0gg3r.Builder.LoggerBuilder::WithChildLogger(System.String,System.Action`1<L0gg3r.Builder.LoggerBuilder>)
FNDA:0,L0gg3r.Builder.LoggerBuilder L0gg3r.Builder.LoggerBuilder::WithChildLogger(System.String,System.Action`1<L0gg3r.Builder.LoggerBuilder>)
DA:126,0
DA:127,0
DA:128,0
DA:130,0
DA:132,0
DA:134,0
DA:135,0
DA:136,0
DA:137,0
DA:138,0
DA:139,0
DA:140,0
FN:29,System.Void L0gg3r.Builder.LoggerBuilder::.ctor()
FNDA:4,System.Void L0gg3r.Builder.LoggerBuilder::.ctor()
DA:30,4
DA:31,4
DA:32,4
DA:34,8
DA:35,4
BRDA:32,42,0,0
BRDA:32,42,1,4
FN:40,System.Void L0gg3r.Builder.LoggerBuilder::.ctor(System.String)
FNDA:0,System.Void L0gg3r.Builder.LoggerBuilder::.ctor(System.String)
DA:41,0
DA:42,0
DA:43,0
DA:44,0
LF:43
LH:11
BRF:2
BRH:1
FNF:9
FNH:4
end_of_record
SF:/Users/wolf/Coden/L0gg3r/L0gg3r.Builder/src/LogSinkBuilder{TLogSink,TBuilder}.cs
FN:41,L0gg3r.Builder.LogSinkBuilder`2<TLogSink,TBuilder> L0gg3r.Builder.LogSinkBuilder`2::WithLogMessageWriter()
FNDA:0,L0gg3r.Builder.LogSinkBuilder`2<TLogSink,TBuilder> L0gg3r.Builder.LogSinkBuilder`2::WithLogMessageWriter()
DA:42,0
FN:55,L0gg3r.Builder.LogSinkBuilder`2<TLogSink,TBuilder> L0gg3r.Builder.LogSinkBuilder`2::WithLogMessageWriter(System.Boolean)
FNDA:0,L0gg3r.Builder.LogSinkBuilder`2<TLogSink,TBuilder> L0gg3r.Builder.LogSinkBuilder`2::WithLogMessageWriter(System.Boolean)
DA:56,0
FN:67,L0gg3r.Builder.LogSinkBuilder`2<TLogSink,TBuilder> L0gg3r.Builder.LogSinkBuilder`2::WithLogMessageWriter(System.Type)
FNDA:0,L0gg3r.Builder.LogSinkBuilder`2<TLogSink,TBuilder> L0gg3r.Builder.LogSinkBuilder`2::WithLogMessageWriter(System.Type)
DA:68,0
FN:80,L0gg3r.Builder.LogSinkBuilder`2<TLogSink,TBuilder> L0gg3r.Builder.LogSinkBuilder`2::WithLogMessageWriter(System.Type,System.Boolean)
FNDA:0,L0gg3r.Builder.LogSinkBuilder`2<TLogSink,TBuilder> L0gg3r.Builder.LogSinkBuilder`2::WithLogMessageWriter(System.Type,System.Boolean)
DA:81,0
DA:82,0
DA:84,0
DA:85,0
FN:87,L0gg3r.Builder.LogSinkBuilder`2<TLogSink,TBuilder> L0gg3r.Builder.LogSinkBuilder`2::WithLogMessageWriter(System.Func`1<System.Object>)
FNDA:0,L0gg3r.Builder.LogSinkBuilder`2<TLogSink,TBuilder> L0gg3r.Builder.LogSinkBuilder`2::WithLogMessageWriter(System.Func`1<System.Object>)
DA:88,0
FN:90,L0gg3r.Builder.LogSinkBuilder`2<TLogSink,TBuilder> L0gg3r.Builder.LogSinkBuilder`2::WithLogMessageWriter(System.Func`1<System.Object>,System.Boolean)
FNDA:0,L0gg3r.Builder.LogSinkBuilder`2<TLogSink,TBuilder> L0gg3r.Builder.LogSinkBuilder`2::WithLogMessageWriter(System.Func`1<System.Object>,System.Boolean)
DA:91,0
DA:92,0
DA:94,0
DA:96,0
DA:97,0
FN:99,L0gg3r.Builder.LogSinkBuilder`2<TLogSink,TBuilder> L0gg3r.Builder.LogSinkBuilder`2::WithLogMessageWriter(System.Object)
FNDA:0,L0gg3r.Builder.LogSinkBuilder`2<TLogSink,TBuilder> L0gg3r.Builder.LogSinkBuilder`2::WithLogMessageWriter(System.Object)
DA:100,0
FN:102,L0gg3r.Builder.LogSinkBuilder`2<TLogSink,TBuilder> L0gg3r.Builder.LogSinkBuilder`2::WithLogMessageWriter(System.Object,System.Boolean)
FNDA:0,L0gg3r.Builder.LogSinkBuilder`2<TLogSink,TBuilder> L0gg3r.Builder.LogSinkBuilder`2::WithLogMessageWriter(System.Object,System.Boolean)
DA:103,0
DA:104,0
DA:106,0
DA:107,0
DA:108,0
DA:109,0
DA:110,0
DA:111,0
DA:112,0
DA:114,0
DA:115,0
BRDA:108,19,0,0
BRDA:108,19,1,0
FN:126,L0gg3r.Builder.LogSinkBuilder`2<TLogSink,TBuilder> L0gg3r.Builder.LogSinkBuilder`2::WithLogMessageWritersFrom(System.Reflection.Assembly[])
FNDA:0,L0gg3r.Builder.LogSinkBuilder`2<TLogSink,TBuilder> L0gg3r.Builder.LogSinkBuilder`2::WithLogMessageWritersFrom(System.Reflection.Assembly[])
DA:127,0
FN:139,L0gg3r.Builder.LogSinkBuilder`2<TLogSink,TBuilder> L0gg3r.Builder.LogSinkBuilder`2::WithLogMessageWritersFrom(System.Reflection.Assembly[],System.Boolean)
FNDA:0,L0gg3r.Builder.LogSinkBuilder`2<TLogSink,TBuilder> L0gg3r.Builder.LogSinkBuilder`2::WithLogMessageWritersFrom(System.Reflection.Assembly[],System.Boolean)
DA:140,0
DA:141,0
DA:143,0
DA:144,0
DA:145,0
DA:146,0
DA:147,0
DA:148,0
DA:149,0
DA:150,0
DA:151,0
DA:152,0
DA:154,0
DA:155,0
BRDA:143,99,1,0
BRDA:145,88,1,0
BRDA:147,62,0,0
BRDA:147,62,1,0
BRDA:145,88,0,0
BRDA:143,99,0,0
FN:167,L0gg3r.Builder.LogSinkBuilder`2<TLogSink,TBuilder> L0gg3r.Builder.LogSinkBuilder`2::WithLogMessageWritersFromAllAssemblies()
FNDA:0,L0gg3r.Builder.LogSinkBuilder`2<TLogSink,TBuilder> L0gg3r.Builder.LogSinkBuilder`2::WithLogMessageWritersFromAllAssemblies()
DA:168,0
FN:181,L0gg3r.Builder.LogSinkBuilder`2<TLogSink,TBuilder> L0gg3r.Builder.LogSinkBuilder`2::WithLogMessageWritersFromAllAssemblies(System.Boolean)
FNDA:0,L0gg3r.Builder.LogSinkBuilder`2<TLogSink,TBuilder> L0gg3r.Builder.LogSinkBuilder`2::WithLogMessageWritersFromAllAssemblies(System.Boolean)
DA:182,0
FN:194,L0gg3r.Builder.LogSinkBuilder`2<TLogSink,TBuilder> L0gg3r.Builder.LogSinkBuilder`2::WithLogMessageWritersFromCallingAssembly()
FNDA:0,L0gg3r.Builder.LogSinkBuilder`2<TLogSink,TBuilder> L0gg3r.Builder.LogSinkBuilder`2::WithLogMessageWritersFromCallingAssembly()
DA:195,0
FN:208,L0gg3r.Builder.LogSinkBuilder`2<TLogSink,TBuilder> L0gg3r.Builder.LogSinkBuilder`2::WithLogMessageWritersFromCallingAssembly(System.Boolean)
FNDA:0,L0gg3r.Builder.LogSinkBuilder`2<TLogSink,TBuilder> L0gg3r.Builder.LogSinkBuilder`2::WithLogMessageWritersFromCallingAssembly(System.Boolean)
DA:209,0
FN:217,L0gg3r.Builder.LogSinkBuilder`2<TLogSink,TBuilder> L0gg3r.Builder.LogSinkBuilder`2::WithFilter(System.Predicate`1<L0gg3r.Base.LogMessage>)
FNDA:0,L0gg3r.Builder.LogSinkBuilder`2<TLogSink,TBuilder> L0gg3r.Builder.LogSinkBuilder`2::WithFilter(System.Predicate`1<L0gg3r.Base.LogMessage>)
DA:218,0
DA:219,0
DA:221,0
DA:222,0
DA:223,0
DA:224,0
DA:225,0
DA:226,0
DA:227,0
DA:228,0
DA:229,0
DA:230,0
DA:231,0
DA:232,0
BRDA:223,19,0,0
BRDA:223,19,1,0
LF:58
LH:0
BRF:10
BRH:0
FNF:15
FNH:0
end_of_record
SF:/Users/wolf/Coden/L0gg3r/L0gg3r.Builder/src/LogTo.cs
FN:35,L0gg3r.Builder.LoggerBuilder L0gg3r.Builder.LogTo::LogSink(TLogSink)
FNDA:4,L0gg3r.Builder.LoggerBuilder L0gg3r.Builder.LogTo::LogSink(TLogSink)
DA:36,4
DA:37,8
DA:38,4
FN:49,L0gg3r.Builder.LoggerBuilder L0gg3r.Builder.LogTo::LogSink(L0gg3r.Builder.LogSinkBuilder`2<TLogSink,TBuilder>)
FNDA:0,L0gg3r.Builder.LoggerBuilder L0gg3r.Builder.LogTo::LogSink(L0gg3r.Builder.LogSinkBuilder`2<TLogSink,TBuilder>)
DA:50,0
DA:51,0
DA:52,0
FN:16,System.Void L0gg3r.Builder.LogTo::.ctor(L0gg3r.Builder.LoggerBuilder)
FNDA:4,System.Void L0gg3r.Builder.LogTo::.ctor(L0gg3r.Builder.LoggerBuilder)
DA:17,4
DA:22,4
LF:8
LH:5
BRF:0
BRH:0
FNF:3
FNH:2
end_of_record